15-Mar-2024 18:07:33.429 INFO [main] org.apache.catalina.startup.VersionLoggerListener.log Server version name:   Apache Tomcat/10.1.18
15-Mar-2024 18:07:33.436 INFO [main] org.apache.catalina.startup.VersionLoggerListener.log Server built:          Jan 5 2024 14:39:40 UTC
15-Mar-2024 18:07:33.436 INFO [main] org.apache.catalina.startup.VersionLoggerListener.log Server version number: 10.1.18.0
15-Mar-2024 18:07:33.436 INFO [main] org.apache.catalina.startup.VersionLoggerListener.log OS Name:               Windows 11
15-Mar-2024 18:07:33.436 INFO [main] org.apache.catalina.startup.VersionLoggerListener.log OS Version:            10.0
15-Mar-2024 18:07:33.437 INFO [main] org.apache.catalina.startup.VersionLoggerListener.log Architecture:          amd64
15-Mar-2024 18:07:33.437 INFO [main] org.apache.catalina.startup.VersionLoggerListener.log Java Home:             C:\Program Files\Java\jdk-11
15-Mar-2024 18:07:33.437 INFO [main] org.apache.catalina.startup.VersionLoggerListener.log JVM Version:           11.0.20+9-LTS-256
15-Mar-2024 18:07:33.437 INFO [main] org.apache.catalina.startup.VersionLoggerListener.log JVM Vendor:            Oracle Corporation
15-Mar-2024 18:07:33.437 INFO [main] org.apache.catalina.startup.VersionLoggerListener.log CATALINA_BASE:         C:\Users\Олесь\IdeaProjects\Java Advanced\Ultimate\Homework4
15-Mar-2024 18:07:33.437 INFO [main] org.apache.catalina.startup.VersionLoggerListener.log CATALINA_HOME:         D:\Program Files\JetBrains\IntelliJ IDEA Community Edition 2022.2\Servers\apache-tomcat-10.1.18
15-Mar-2024 18:07:33.460 INFO [main] org.apache.catalina.startup.VersionLoggerListener.log Command line argument: --add-opens=java.base/java.lang=ALL-UNNAMED
15-Mar-2024 18:07:33.461 INFO [main] org.apache.catalina.startup.VersionLoggerListener.log Command line argument: --add-opens=java.base/java.io=ALL-UNNAMED
15-Mar-2024 18:07:33.461 INFO [main] org.apache.catalina.startup.VersionLoggerListener.log Command line argument: --add-opens=java.base/java.util=ALL-UNNAMED
15-Mar-2024 18:07:33.461 INFO [main] org.apache.catalina.startup.VersionLoggerListener.log Command line argument: --add-opens=java.base/java.util.concurrent=ALL-UNNAMED
15-Mar-2024 18:07:33.461 INFO [main] org.apache.catalina.startup.VersionLoggerListener.log Command line argument: --add-opens=java.rmi/sun.rmi.transport=ALL-UNNAMED
15-Mar-2024 18:07:33.462 INFO [main] org.apache.catalina.startup.VersionLoggerListener.log Command line argument: -Dcatalina.home=D:\Program Files\JetBrains\IntelliJ IDEA Community Edition 2022.2\Servers\apache-tomcat-10.1.18
15-Mar-2024 18:07:33.462 INFO [main] org.apache.catalina.startup.VersionLoggerListener.log Command line argument: -Dcatalina.base=C:\Users\Олесь\IdeaProjects\Java Advanced\Ultimate\Homework4
15-Mar-2024 18:07:33.462 INFO [main] org.apache.catalina.startup.VersionLoggerListener.log Command line argument: -Djava.io.tmpdir=C:\Users\Олесь\IdeaProjects\Java Advanced\Ultimate\Homework4\temp
15-Mar-2024 18:07:33.462 INFO [main] org.apache.catalina.startup.VersionLoggerListener.log Command line argument: -Djava.util.logging.config.file=C:\Users\Олесь\IdeaProjects\Java Advanced\Ultimate\Homework4\conf\logging.properties
15-Mar-2024 18:07:33.462 INFO [main] org.apache.catalina.startup.VersionLoggerListener.log Command line argument: -Djava.util.logging.manager=org.apache.juli.ClassLoaderLogManager
15-Mar-2024 18:07:33.462 INFO [main] org.apache.catalina.startup.VersionLoggerListener.log Command line argument: -javaagent:D:\Program Files\JetBrains\IntelliJ IDEA 2023.3.2\lib\idea_rt.jar=5686:D:\Program Files\JetBrains\IntelliJ IDEA 2023.3.2\bin
15-Mar-2024 18:07:33.463 INFO [main] org.apache.catalina.startup.VersionLoggerListener.log Command line argument: -Dfile.encoding=UTF-8
15-Mar-2024 18:07:33.468 INFO [main] org.apache.catalina.core.AprLifecycleListener.lifecycleEvent Loaded Apache Tomcat Native library [2.0.6] using APR version [1.7.4].
15-Mar-2024 18:07:33.484 INFO [main] org.apache.catalina.core.AprLifecycleListener.initializeSSL OpenSSL successfully initialized [OpenSSL 3.0.11 19 Sep 2023]
15-Mar-2024 18:07:34.074 INFO [main] org.apache.coyote.AbstractProtocol.init Initializing ProtocolHandler ["http-nio-8080"]
15-Mar-2024 18:07:34.131 INFO [main] org.apache.catalina.startup.Catalina.load Server initialization in [1209] milliseconds
15-Mar-2024 18:07:34.258 INFO [main] org.apache.catalina.core.StandardService.startInternal Starting service [Catalina]
15-Mar-2024 18:07:34.258 INFO [main] org.apache.catalina.core.StandardEngine.startInternal Starting Servlet engine: [Apache Tomcat/10.1.18]
15-Mar-2024 18:07:34.298 INFO [main] org.apache.catalina.startup.HostConfig.deployDescriptor Deploying deployment descriptor [C:\Users\Олесь\IdeaProjects\Java Advanced\Ultimate\Homework4\conf\Catalina\localhost\ROOT.xml]
15-Mar-2024 18:07:35.206 WARNING [main] org.apache.jasper.servlet.TldScanner.scanJspConfig Failed to process TLD with path [/WEB-INF/c.tld] and URI [http://java.sun.com/jsp/jstl/core]. The specified path does not exist.
15-Mar-2024 18:07:35.219 INFO [main] org.apache.jasper.servlet.TldScanner.scanJars At least one JAR was scanned for TLDs yet contained no TLDs. Enable debug logging for this logger for a complete list of JARs that were scanned but no TLDs were found in them. Skipping unneeded JARs during scanning can improve startup time and JSP compilation time.
15-Mar-2024 18:07:35.956 WARNING [main] org.apache.catalina.util.SessionIdGeneratorBase.createSecureRandom Creation of SecureRandom instance for session ID generation using [SHA1PRNG] took [690] milliseconds.
15-Mar-2024 18:07:36.019 INFO [main] org.apache.catalina.startup.HostConfig.deployDescriptor Deployment of deployment descriptor [C:\Users\Олесь\IdeaProjects\Java Advanced\Ultimate\Homework4\conf\Catalina\localhost\ROOT.xml] has finished in [1,721] ms
15-Mar-2024 18:07:36.019 INFO [main] org.apache.coyote.AbstractProtocol.start Starting ProtocolHandler ["http-nio-8080"]
15-Mar-2024 18:07:36.741 INFO [main] org.apache.catalina.startup.Catalina.start Server startup in [2613] milliseconds
15-Mar-2024 18:07:51.017 WARNING [main] org.apache.catalina.core.StandardServer.await Invalid shutdown command [] received
15-Mar-2024 18:07:53.833 INFO [Thread-1] org.apache.coyote.AbstractProtocol.pause Pausing ProtocolHandler ["http-nio-8080"]
15-Mar-2024 18:07:55.137 INFO [Thread-1] org.apache.catalina.core.StandardService.stopInternal Stopping service [Catalina]
15-Mar-2024 18:07:55.187 INFO [Thread-1] org.apache.coyote.AbstractProtocol.stop Stopping ProtocolHandler ["http-nio-8080"]
15-Mar-2024 18:07:55.214 INFO [Thread-1] org.apache.coyote.AbstractProtocol.destroy Destroying ProtocolHandler ["http-nio-8080"]
